0 info it worked if it ends with ok
1 verbose cli [ 'node', '/usr/local/bin/npm', 'install' ]
2 info using npm@1.4.28
3 info using node@v0.10.32
4 warn package.json hydro_control_web@1.0.0 No description
5 warn package.json hydro_control_web@1.0.0 No repository field.
6 warn package.json hydro_control_web@1.0.0 No README data
7 verbose readDependencies using package.json deps
8 verbose install where, deps [ '/Users/jbochard/Documents/workspace/hydroponics/hydro_control_web',
8 verbose install   [ 'angular2',
8 verbose install     'systemjs',
8 verbose install     'es6-promise',
8 verbose install     'es6-shim',
8 verbose install     'reflect-metadata',
8 verbose install     'rxjs',
8 verbose install     'zone.js',
8 verbose install     'bootstrap',
8 verbose install     'jquery',
8 verbose install     'tether',
8 verbose install     'typescript.collections',
8 verbose install     'concurrently',
8 verbose install     'lite-server',
8 verbose install     'typescript',
8 verbose install     'typings' ] ]
9 info preinstall hydro_control_web@1.0.0
10 verbose readDependencies using package.json deps
11 verbose already installed skipping angular2@2.0.0-beta.6 /Users/jbochard/Documents/workspace/hydroponics/hydro_control_web
12 verbose already installed skipping systemjs@0.19.20 /Users/jbochard/Documents/workspace/hydroponics/hydro_control_web
13 verbose already installed skipping es6-promise@^3.0.2 /Users/jbochard/Documents/workspace/hydroponics/hydro_control_web
14 verbose already installed skipping es6-shim@^0.33.3 /Users/jbochard/Documents/workspace/hydroponics/hydro_control_web
15 verbose already installed skipping reflect-metadata@0.1.2 /Users/jbochard/Documents/workspace/hydroponics/hydro_control_web
16 verbose already installed skipping rxjs@5.0.0-beta.0 /Users/jbochard/Documents/workspace/hydroponics/hydro_control_web
17 verbose already installed skipping zone.js@0.5.14 /Users/jbochard/Documents/workspace/hydroponics/hydro_control_web
18 verbose already installed skipping bootstrap@^4.0.0-alpha.2 /Users/jbochard/Documents/workspace/hydroponics/hydro_control_web
19 verbose already installed skipping jquery@^2.2 /Users/jbochard/Documents/workspace/hydroponics/hydro_control_web
20 verbose already installed skipping tether@^1.2 /Users/jbochard/Documents/workspace/hydroponics/hydro_control_web
21 verbose cache add [ 'typescript.collections@^1.0', null ]
22 verbose cache add name=undefined spec="typescript.collections@^1.0" args=["typescript.collections@^1.0",null]
23 verbose parsed url { protocol: null,
23 verbose parsed url   slashes: null,
23 verbose parsed url   auth: null,
23 verbose parsed url   host: null,
23 verbose parsed url   port: null,
23 verbose parsed url   hostname: null,
23 verbose parsed url   hash: null,
23 verbose parsed url   search: null,
23 verbose parsed url   query: null,
23 verbose parsed url   pathname: 'typescript.collections@^1.0',
23 verbose parsed url   path: 'typescript.collections@^1.0',
23 verbose parsed url   href: 'typescript.collections@^1.0' }
24 verbose already installed skipping concurrently@^1.0.0 /Users/jbochard/Documents/workspace/hydroponics/hydro_control_web
25 verbose cache add name="typescript.collections" spec="^1.0" args=["typescript.collections","^1.0"]
26 verbose parsed url { protocol: null,
26 verbose parsed url   slashes: null,
26 verbose parsed url   auth: null,
26 verbose parsed url   host: null,
26 verbose parsed url   port: null,
26 verbose parsed url   hostname: null,
26 verbose parsed url   hash: null,
26 verbose parsed url   search: null,
26 verbose parsed url   query: null,
26 verbose parsed url   pathname: '^1.0',
26 verbose parsed url   path: '^1.0',
26 verbose parsed url   href: '^1.0' }
27 verbose addNamed [ 'typescript.collections', '^1.0' ]
28 verbose addNamed [ null, '>=1.0.0-0 <2.0.0-0' ]
29 verbose already installed skipping lite-server@^2.0.1 /Users/jbochard/Documents/workspace/hydroponics/hydro_control_web
30 verbose already installed skipping typescript@^1.7.5 /Users/jbochard/Documents/workspace/hydroponics/hydro_control_web
31 silly lockFile a2ba35b7-typescript-collections-1-0 typescript.collections@^1.0
32 verbose lock typescript.collections@^1.0 /Users/jbochard/.npm/a2ba35b7-typescript-collections-1-0.lock
33 verbose already installed skipping typings@^0.6.8 /Users/jbochard/Documents/workspace/hydroponics/hydro_control_web
34 silly addNameRange { name: 'typescript.collections',
34 silly addNameRange   range: '>=1.0.0-0 <2.0.0-0',
34 silly addNameRange   hasData: false }
35 verbose request where is /typescript.collections
36 verbose request registry https://registry.npmjs.org/
37 verbose request id 9cd357724c72bdc1
38 verbose url raw /typescript.collections
39 verbose url resolving [ 'https://registry.npmjs.org/', './typescript.collections' ]
40 verbose url resolved https://registry.npmjs.org/typescript.collections
41 verbose request where is https://registry.npmjs.org/typescript.collections
42 info trying registry request attempt 1 at 09:10:55
43 http GET https://registry.npmjs.org/typescript.collections
44 http 404 https://registry.npmjs.org/typescript.collections
45 silly registry.get cb [ 404,
45 silly registry.get   { 'content-type': 'application/json',
45 silly registry.get     'cache-control': 'max-age=0',
45 silly registry.get     'content-length': '2',
45 silly registry.get     'accept-ranges': 'bytes',
45 silly registry.get     date: 'Fri, 26 Feb 2016 12:10:54 GMT',
45 silly registry.get     via: '1.1 varnish',
45 silly registry.get     age: '0',
45 silly registry.get     connection: 'keep-alive',
45 silly registry.get     'x-served-by': 'cache-sjc3135-SJC',
45 silly registry.get     'x-cache': 'MISS',
45 silly registry.get     'x-cache-hits': '0',
45 silly registry.get     'x-timer': 'S1456488654.686875,VS0,VE57' } ]
46 silly lockFile a2ba35b7-typescript-collections-1-0 typescript.collections@^1.0
47 silly lockFile a2ba35b7-typescript-collections-1-0 typescript.collections@^1.0
48 error 404 Not Found
48 error 404
48 error 404 'typescript.collections' is not in the npm registry.
48 error 404 You should bug the author to publish it
48 error 404 It was specified as a dependency of 'hydro_control_web'
48 error 404
48 error 404 Note that you can also install from a
48 error 404 tarball, folder, or http url, or git url.
49 error System Darwin 15.0.0
50 error command "node" "/usr/local/bin/npm" "install"
51 error cwd /Users/jbochard/Documents/workspace/hydroponics/hydro_control_web
52 error node -v v0.10.32
53 error npm -v 1.4.28
54 error code E404
55 verbose exit [ 1, true ]
